STRG.59.2 [66] 10 CCAGGATTTGG
STRG.59.2 [1316] 12 AGGATTTGGAT
STRG.59.2 [1317] 13 GGATTTGGATT
STRG.59.2 [1318] 14 GATTTGGATTT
STRG.59.2 [24] 20 GATTTGTTGTG
STRG.59.2 [5720, 15438, 16023] 102 GTTTGGCTGGC
STRG.59.2 [5721, 15439, 16024] 103 TTTGGCTGGCT
STRG.59.2 [719, 719] 121 CCAGCTGGAGG
STRG.59.2 [273, 273] 125 CTGGAGGGCAT
STRG.59.2 [552, 552] 165 TTTGCGCTGCC
STRG.59.2 [2100] 166 TTGCGCTGCCT
STRG.59.2 [1294] 190 ATAAATATTTC
STRG.59.2 [1507] 207 TAGAAAATGTT
STRG.59.2 [79, 79] 249 TTTTTTTGTTT
STRG.59.2 [80, 80] 250 TTTTTTGTTTT
STRG.59.2 [81, 81] 251 TTTTTGTTTTG
STRG.59.2 [325, 325, 2100, 18] 252 TTTTGTTTTGC
STRG.59.2 [19] 253 TTTGTTTTGCT
STRG.59.2 [20] 254 TTGTTTTGCTT
STRG.59.2 [21] 255 TGTTTTGCTTA
STRG.59.2 [22] 256 GTTTTGCTTAC
STRG.59.2 [198, 198] 299 ATCCGGGCAAA
STRG.59.2 [10545, 10599] 305 GCAAAGTTTAA
STRG.59.2 [795, 10513, 11098] 314 AATCGAAAAGG
STRG.59.2 [796, 10514, 11099] 315 ATCGAAAAGGA
STRG.59.2 [868] 318 GAAAAGGAGAA
STRG.59.2 [869] 319 AAAAGGAGAAG
STRG.59.2 [870] 320 AAAGGAGAAGA
STRG.59.2 [1206] 321 AAGGAGAAGAA
STRG.59.2 [3226, 3226] 322 AGGAGAAGAAA
STRG.59.2 [1436] 329 GAAAGATCATG
STRG.59.2 [7678, 17396, 17981] 349 GCTAATGGCGC
STRG.59.2 [4193, 4193] 388 GCCCAGGTGGG
STRG.59.2 [10021, 10606] 390 CCAGGTGGGCA
STRG.59.2 [10022, 10607] 391 CAGGTGGGCAT
STRG.59.2 [748] 398 GCATTTATCAT
STRG.59.2 [4090, 4144] 403 TATCATCATCA
STRG.59.2 [15275, 15329] 409 CATCAGCAGCC
STRG.59.2 [5399, 15117, 15702] 459 CCGCAAATGAA
STRG.59.2 [2466, 2405] 547 ATTATTCAAAT
STRG.59.2 [123, 123] 581 AAACACGAAAC
STRG.59.2 [1196, 1196] 597 CCGCATCCGCA
STRG.59.2 [64] 607 AAAATCCTTTG
STRG.59.2 [65] 608 AAATCCTTTGA
STRG.59.2 [66] 609 AATCCTTTGAG
STRG.59.2 [67] 610 ATCCTTTGAGC
STRG.59.2 [11653, 11707] 641 AAAATGACACC
STRG.59.2 [517, 290, 290] 647 ACACCAGCGGC
STRG.59.2 [518, 291, 291] 648 CACCAGCGGCT
STRG.59.2 [488] 682 CAGCCATTAAA
STRG.59.2 [2523] 687 ATTAAAACTAC
STRG.59.2 [3475] 688 TTAAAACTACG
STRG.59.2 [2740] 764 AAGGAATTTGC
STRG.59.2 [2741] 765 AGGAATTTGCT
STRG.59.2 [767] 768 AATTTGCTGTC
STRG.59.2 [185] 780 TCTGGTTGCCA
STRG.59.2 [186] 781 CTGGTTGCCAT
STRG.59.2 [1867, 2889] 802 CACCTCATCGC
STRG.59.2 [1868, 2890] 803 ACCTCATCGCC
STRG.59.2 [2808, 2808] 828 CTAGGAGCAGC
STRG.59.2 [752, 752] 830 AGGAGCAGCCA
STRG.59.2 [753, 753] 831 GGAGCAGCCAG
STRG.59.2 [7674, 7728] 836 AGCCAGGAGCT
STRG.59.2 [4719, 4773] 858 TGAAAGACTGC
STRG.59.2 [4720, 4774] 859 GAAAGACTGCG
STRG.59.2 [1474, 1474, 1694] 874 ATTGAACTGAA
STRG.59.2 [1470, 2668] 935 GCTCTTAAACT
STRG.59.2 [136] 947 GCATTTTAAAC
STRG.59.2 [166, 166] 980 TAAATATAGCA
STRG.59.2 [736, 736] 981 AAATATAGCAA
STRG.59.2 [926] 1005 GCAATTTTTAA
STRG.59.2 [927] 1006 CAATTTTTAAA
STRG.59.2 [928, 3573] 1007 AATTTTTAAAT
STRG.59.2 [3574] 1008 ATTTTTAAATT
STRG.59.2 [621] 1009 TTTTTAAATTG
STRG.59.2 [139] 1019 GAAATGGAATA
STRG.59.2 [140] 1020 AAATGGAATAA
STRG.59.2 [296, 50, 50] 1028 TAAGGCAATAT
STRG.59.2 [297, 51, 51] 1029 AAGGCAATATA
STRG.59.2 [298, 52, 52] 1030 AGGCAATATAA
STRG.59.2 [4072] 1034 AATATAAAATA
STRG.59.2 [1402] 1071 AGATGTCGCTG
STRG.59.2 [1403, 171] 1072 GATGTCGCTGA
STRG.59.2 [171] 1077 CGCTGAGCAAG
STRG.59.2 [3536, 2446] 1101 CTTTCCCAGCC
STRG.59.2 [3537, 2447] 1102 TTTCCCAGCCA
STRG.59.2 [3567, 3567] 1114 CTGATGAACGA
STRG.59.2 [3777, 2687] 1130 GCGATCCACTT
STRG.59.2 [393] 1158 ATGGCCAGAAG
STRG.59.2 [409, 409] 1214 AAGGCGAACTG
STRG.59.2 [342] 1219 GAACTGTTTCG
STRG.59.2 [2940] 1225 TTTCGGAATTA
STRG.59.2 [2178, 2178] 1257 GGCCACAGATG
STRG.59.2 [2711] 1278 ATTCCAGAGCA
STRG.59.2 [72] 1282 CAGAGCAGCTG
STRG.59.2 [871] 1306 CATTCTTGTGC
STRG.59.2 [872] 1307 ATTCTTGTGCT
STRG.59.2 [1515, 1288, 1288] 1324 CATGTGGAGCG
STRG.59.2 [608, 608] 1347 GCCGCAGCCGC
STRG.59.2 [609, 609] 1348 CCGCAGCCGCG
STRG.59.2 [610, 610] 1349 CGCAGCCGCGG
STRG.59.2 [2047] 1355 CGCGGGCAACA
STRG.59.2 [2371] 1408 GGAAAAGCAGC
STRG.59.2 [2372] 1409 GAAAAGCAGCT
STRG.59.2 [1074] 1428 CTTTTTGGCGC
STRG.59.2 [4221, 3131] 1429 TTTTTGGCGCA
STRG.59.2 [559, 559] 1442 CCACAGGCGCC
STRG.59.2 [783] 1453 TTCTTCTACGA
STRG.59.2 [784] 1454 TCTTCTACGAC
STRG.59.2 [293, 1315] 1460 ACGACGACGAG
STRG.59.2 [852] 1472 TGGAGCTGGAG
STRG.59.2 [1171, 1171] 1473 GGAGCTGGAGA
STRG.59.2 [1758, 1978] 1500 GGTCAACGCCA
STRG.59.2 [1759, 1979] 1501 GTCAACGCCAT
STRG.59.2 [1275] 1502 TCAACGCCATC
STRG.59.2 [2217, 2217, 699, 1721] 1504 AACGCCATCAA
STRG.59.2 [934, 854] 1526 CCGAGCAGACG
STRG.59.2 [228] 1527 CGAGCAGACGG
STRG.59.2 [325, 325] 1530 GCAGACGGTGC
STRG.59.2 [326] 1554 CATCAAGCGCC
STRG.59.2 [3847] 1559 AGCGCCTGAAG
STRG.59.2 [1234, 1234] 1591 CTGCAGGAGCA
STRG.59.2 [3983] 1637 AAAATCGAACG
STRG.59.2 [3136] 1639 AATCGAACGTA
STRG.59.2 [647, 10365, 10950] 1710 GGACCAAGTTC
STRG.59.2 [648, 10366, 10951] 1711 GACCAAGTTCA
STRG.59.2 [649, 10367, 10952, 234, 133] 1712 ACCAAGTTCAA
STRG.59.2 [650, 10368, 10953] 1713 CCAAGTTCAAA
STRG.59.2 [18637, 3154] 1762 AGAACACGAGA
STRG.59.2 [18638] 1763 GAACACGAGAG
STRG.59.2 [2006, 1945, 1734] 1770 AGAGCAAAATA
STRG.59.2 [2007, 1946, 1735] 1771 GAGCAAAATAG
STRG.59.2 [249] 1785 GCAAGGAAAAT
STRG.59.2 [6681, 6735] 1786 CAAGGAAAATG
STRG.59.2 [1594, 1594] 1797 GGGCACACGAA
STRG.59.2 [3712, 3712] 1800 CACACGAAAAT
STRG.59.2 [349] 1850 TTAATCCCACC
STRG.59.2 [853] 1874 CGTTTAATGAG
STRG.59.2 [854] 1875 GTTTAATGAGC
STRG.59.2 [2803] 1904 CAGACATTGTG
STRG.59.2 [2344, 3132] 1978 CAGGCGGAGAA
STRG.59.2 [2345, 2354, 3133, 3142] 1979 AGGCGGAGAAG
STRG.59.2 [2355, 3143] 1980 GGCGGAGAAGC
STRG.59.2 [426] 1981 GCGGAGAAGCC
STRG.59.2 [967] 1984 GAGAAGCCCAA
STRG.59.2 [1697] 1993 AACCACCAGCT
STRG.59.2 [1757] 1996 CACCAGCTGAC
STRG.59.2 [1758] 1997 ACCAGCTGACC
STRG.59.2 [4486, 4300] 2015 TGTATCCAGCA
STRG.59.2 [282, 55, 55] 2022 AGCACAGGCTA
STRG.59.2 [1441] 2104 GATGATGGTAA
STRG.59.2 [1424] 2130 TCCAATAGCTT
STRG.59.2 [2240, 2057, 525, 525] 2174 GCCAAGGCGGC
STRG.59.2 [1174, 10892, 11477] 2177 AAGGCGGCAGC
STRG.59.2 [1031, 2053] 2180 GCGGCAGCTCG
STRG.59.2 [9690, 10275] 2193 TGCAGGACCTT
STRG.59.2 [1335] 2201 CTTCTGCAGCT
STRG.59.2 [6546, 16264, 16849] 2202 TTCTGCAGCTG
STRG.59.2 [6547, 16265, 16850] 2203 TCTGCAGCTGC
STRG.59.2 [2109, 2109] 2206 GCAGCTGCGAG
STRG.59.2 [2110, 2110] 2207 CAGCTGCGAGA
STRG.59.2 [2111, 2111] 2208 AGCTGCGAGAA
STRG.59.2 [851, 10569, 11154] 2211 TGCGAGAAGTC
STRG.59.2 [1749] 2247 AGTTCCAGAAG
STRG.59.2 [285, 1307] 2251 CCAGAAGGACG
STRG.59.2 [286, 1308] 2252 CAGAAGGACGA
STRG.59.2 [287, 1309] 2253 AGAAGGACGAC
STRG.59.2 [288, 1310] 2254 GAAGGACGACG
STRG.59.2 [289, 1311, 1432, 1432, 342] 2255 AAGGACGACGA
STRG.59.2 [227, 290, 1312] 2256 AGGACGACGAC
STRG.59.2 [257] 2336 GTGGATCTCCT
STRG.59.2 [1138, 1138] 2347 CAACTCCTCCA
STRG.59.2 [7797, 7851] 2356 CACTGAGTTCG
STRG.59.2 [3442] 2359 TGAGTTCGGTC
STRG.59.2 [818] 2393 AATCTGTGCAC
STRG.59.2 [819] 2394 ATCTGTGCACA
STRG.59.2 [820] 2395 TCTGTGCACAC
STRG.59.2 [821] 2396 CTGTGCACACC
STRG.59.2 [9042, 9096] 2440 AGCACATATTC
STRG.59.2 [344, 344, 564] 2456 CAACCTGGAAA
STRG.59.2 [345, 345, 565] 2457 AACCTGGAAAC
STRG.59.2 [1745] 2474 CGATCATCTGG
STRG.59.2 [10425, 10479] 2480 TCTGGAGGAAC
STRG.59.2 [4703, 4703] 2483 GGAGGAACTGG
STRG.59.2 [480, 10198, 10783] 2486 GGAACTGGCGG
STRG.59.2 [481, 10199, 10784] 2487 GAACTGGCGGC
STRG.59.2 [482, 10200, 10785] 2488 AACTGGCGGCG
STRG.59.2 [409] 2508 ACCTTTGCGGT
STRG.59.2 [1952, 1952, 862, 1123, 1123] 2517 GTGAACATGAC
STRG.59.2 [1430, 1430] 2655 GACAGCATCGT
STRG.59.2 [1431, 1431] 2656 ACAGCATCGTT
STRG.59.2 [2573] 2680 ATCCGCCTCGC
STRG.59.2 [879] 2698 TCCACGACTTG
STRG.59.2 [3886, 3886] 2717 TGCACTGCAGC
STRG.59.2 [16049, 16103] 2718 GCACTGCAGCT
STRG.59.2 [677, 677] 2723 GCAGCTTTTTG
STRG.59.2 [2108, 2108] 2749 ATGCCAGCTTC
STRG.59.2 [665] 2750 TGCCAGCTTCT
STRG.59.2 [533] 2793 ACCTGCGACTT
STRG.59.2 [1740, 1740] 2795 CTGCGACTTTG
STRG.59.2 [887] 2804 TGCCGCATCCG
STRG.59.2 [4606, 14324, 14909] 2808 GCATCCGGAGG
STRG.59.2 [1299] 2810 ATCCGGAGGTC
STRG.59.2 [765] 2832 ATGGGGCGCTA
STRG.59.2 [1564] 2837 GCGCTATCTGG
STRG.59.2 [1565] 2838 CGCTATCTGGC
STRG.59.2 [947, 720, 720] 2909 CGGCGAGGTGT
STRG.59.2 [685, 685] 2966 TCCTGCAGTTC
STRG.59.2 [686, 686] 2967 CCTGCAGTTCG
STRG.59.2 [231] 2976 CGACGACGATG
STRG.59.2 [871] 2985 TGGCCAGCGGA
STRG.59.2 [176] 3005 ACATCGAGGTG
STRG.59.2 [282, 282] 3052 GATCCACGGGG
STRG.59.2 [283, 283] 3053 ATCCACGGGGT
STRG.59.2 [204] 3067 ATAACGCAGCT
STRG.59.2 [205] 3068 TAACGCAGCTC
STRG.59.2 [983] 3080 ATGTGGACGTC
STRG.59.2 [3682, 13400, 13985] 3085 GACGTCAAGGT
STRG.59.2 [882] 3087 CGTCAAGGTGC
STRG.59.2 [2319, 3107] 3091 AAGGTGCAGAA
STRG.59.2 [2320, 3108] 3092 AGGTGCAGAAG
STRG.59.2 [196] 3095 TGCAGAAGAAG
STRG.59.2 [6460, 6460] 3098 AGAAGAAGATG
STRG.59.2 [1449] 3099 GAAGAAGATGA
STRG.59.2 [980, 2182] 3120 GGCCACCAGAA
STRG.59.2 [701] 3165 GCGGGAGCTGA
STRG.59.2 [3208, 3208] 3195 CTATCAAGGAT
STRG.59.2 [4519, 4333] 3212 TGGACCTCATC
STRG.59.2 [165] 3213 GGACCTCATCG
STRG.59.2 [166] 3214 GACCTCATCGA
STRG.59.2 [10009] 3225 TGCCATTGCCC
STRG.59.2 [10010] 3226 GCCATTGCCCG
STRG.59.2 [10011] 3227 CCATTGCCCGA
STRG.59.2 [9950] 3298 AAGGAAACCAA
STRG.59.2 [9951] 3299 AGGAAACCAAG
STRG.59.2 [3026, 3026] 3306 CAAGCAGTGGA
STRG.59.2 [3027, 3027] 3307 AAGCAGTGGAA
STRG.59.2 [1029, 1029, 1249] 3310 CAGTGGAACGG
STRG.59.2 [2287, 2060, 2060] 3320 GCATCATTGGC
STRG.59.2 [2288, 2061, 2061] 3321 CATCATTGGCG
STRG.59.2 [2289, 2062, 2062] 3322 ATCATTGGCGA
STRG.59.2 [1221] 3349 AGTGGTACCGA
STRG.59.2 [3434] 3354 TACCGAATTGA
STRG.59.2 [3435] 3355 ACCGAATTGAG
STRG.59.2 [1562, 1562] 3404 CACATGGGAAT
STRG.59.2 [1358] 3471 TCATGCAGCTG
STRG.59.2 [170] 3513 ATGTGGAGAAG
STRG.59.2 [1206, 1086] 3536 TATCTGGATCC
STRG.59.2 [3958, 3772] 3561 TCTGGATCTGG
STRG.59.2 [4044, 4098] 3563 TGGATCTGGAT
STRG.59.2 [4045, 4099] 3564 GGATCTGGATT
STRG.59.2 [1345, 1345] 3577 CATATCGGTGT
STRG.59.2 [8449, 8503] 3587 TTGGTGATGAC
STRG.59.2 [8450, 8504] 3588 TGGTGATGACC
STRG.59.2 [3705, 2615] 3623 ATCTCCAAAAT
STRG.59.2 [2567] 3639 GGGAGAATCCG
STRG.59.2 [2568] 3640 GGAGAATCCGC
STRG.59.2 [684, 684, 1882] 3679 GGAGAACCAGT
STRG.59.2 [1937, 1937] 3685 CCAGTGGCACA
STRG.59.2 [301, 301] 3694 CATCCACAACA
STRG.59.2 [2083, 2083] 3708 GCTGGCTGACT
STRG.59.2 [197, 1822] 3753 TGCCGAGAAGT
STRG.59.2 [125] 3763 TCCACAGGTGA
STRG.59.2 [1968, 1968] 3787 AACCTGGCCAA
STRG.59.2 [4683, 4737] 3788 ACCTGGCCAAA
STRG.59.2 [4684, 4738, 17] 3789 CCTGGCCAAAA
STRG.59.2 [18] 3790 CTGGCCAAAAC
STRG.59.2 [19] 3791 TGGCCAAAACA
STRG.59.2 [825, 1847] 3825 TGCGAATGTTT
STRG.59.2 [13515, 13569] 3869 GCCAACTCCTA
STRG.59.2 [13516, 13570] 3870 CCAACTCCTAT
STRG.59.2 [1562, 1335, 1335] 3913 CAACATGAAGG
STRG.59.2 [373] 3926 AGCATAACCAA
STRG.59.2 [2740, 2740] 3936 ACCTGAAGGAT
STRG.59.2 [1100] 3940 GAAGGATCTGA
STRG.59.2 [6524, 16242, 16827] 3945 ATCTGAGTGGC
STRG.59.2 [236] 3957 AGAAGAAGGTC
STRG.59.2 [237] 3958 GAAGAAGGTCA
STRG.59.2 [2001] 3978 CCATCTACGGC
STRG.59.2 [755, 755] 3982 CTACGGCGGCA
STRG.59.2 [756, 756] 3983 TACGGCGGCAG
STRG.59.2 [3968, 4022] 3985 CGGCGGCAGCA
STRG.59.2 [862] 4036 CCTGGCCTTCA
STRG.59.2 [359, 359] 4043 TTCAATCTCAT
STRG.59.2 [5051, 5105] 4062 ACGACCCATCC
STRG.59.2 [16654, 16708] 4091 CTGGAGGGAGT
STRG.59.2 [1000] 4128 ACTACATGTTC
STRG.59.2 [1630, 11348, 11933] 4135 GTTCCTGATGG
STRG.59.2 [794, 794] 4143 TGGAGACCACC
STRG.59.2 [2149, 2369] 4173 AGCAGAACTGC
STRG.59.2 [2150, 2370] 4174 GCAGAACTGCG
STRG.59.2 [7291, 7291] 4202 GAAAAGTTTGG
STRG.59.2 [2249] 4205 AAGTTTGGGGA
STRG.59.2 [3221] 4213 GGAGAAGCACT
STRG.59.2 [556] 4221 ACTACGCCATC
STRG.59.2 [1728, 1728] 4240 CTTCGGTGCGG
STRG.59.2 [1729, 1729] 4241 TTCGGTGCGGA
STRG.59.2 [944] 4244 GGTGCGGAGTA
STRG.59.2 [2109, 1882, 1882] 4271 GTGGCCATCCT
STRG.59.2 [211, 211] 4275 CCATCCTGAAG
STRG.59.2 [277] 4289 AGTGAGCGGGG
STRG.59.2 [17130, 17184] 4315 CAAGCAAAAGT
STRG.59.2 [5432, 15150, 15735, 179, 179] 4317 AGCAAAAGTGG
STRG.59.2 [5433, 15151, 15736] 4318 GCAAAAGTGGT
STRG.59.2 [2311] 4319 CAAAAGTGGTG
STRG.59.2 [4025, 13743, 14328] 4332 AGAACCCCAAT
STRG.59.2 [2259] 4333 GAACCCCAATG
STRG.59.2 [2260] 4334 AACCCCAATGC
STRG.59.2 [2261] 4335 ACCCCAATGCC
STRG.59.2 [2262] 4336 CCCCAATGCCA
STRG.59.2 [976, 976] 4342 TGCCAGCTGCT
STRG.59.2 [977, 977] 4343 GCCAGCTGCTT
STRG.59.2 [978, 978] 4344 CCAGCTGCTTC
STRG.59.2 [879, 879] 4370 GACGCCACTCC
STRG.59.2 [1068, 1068] 4386 TGACCTTCGGC
STRG.59.2 [1628] 4390 CTTCGGCGAGC
STRG.59.2 [1071, 844, 844] 4427 GCCGGAATCCT
STRG.59.2 [1072, 845, 845] 4428 CCGGAATCCTG
STRG.59.2 [2183] 4433 ATCCTGATCGC
STRG.59.2 [2184, 329, 329, 1527] 4434 TCCTGATCGCC
STRG.59.2 [971] 4440 TCGCCTTCCTC
STRG.59.2 [2405, 2405] 4441 CGCCTTCCTCA
STRG.59.2 [132, 52] 4455 GCATTACGGAG
STRG.59.2 [1724] 4458 TTACGGAGTTT
STRG.59.2 [11, 11] 4480 GCAGCAAGTGG
STRG.59.2 [12, 12] 4481 CAGCAAGTGGC
STRG.59.2 [2857] 4482 AGCAAGTGGCC
STRG.59.2 [417] 4559 TCACATTTTGC
STRG.59.2 [418] 4560 CACATTTTGCT
STRG.59.2 [921] 4561 ACATTTTGCTC
STRG.59.2 [922, 2835, 3623] 4562 CATTTTGCTCA
STRG.59.2 [3042] 4586 AGGAAGCCTTC
STRG.59.2 [1891] 4592 CCTTCAAGAAG
STRG.59.2 [676, 434] 4595 TCAAGAAGGAG
STRG.59.2 [9082, 9082, 677, 831, 770, 559, 482] 4596 CAAGAAGGAGA
STRG.59.2 [303] 4602 GGAGATCCGCT
STRG.59.2 [3510, 4298] 4630 AACAACAGGAA
STRG.59.2 [3523, 3523] 4643 CCATCGTGGCC
STRG.59.2 [3524, 3524] 4644 CATCGTGGCCG
STRG.59.2 [159] 4669 AGTGTGCGGAC
STRG.59.2 [620, 393, 393] 4673 TGCGGACGACA
STRG.59.2 [11619, 11673] 4677 GACGACACCGC
STRG.59.2 [2373, 2373] 4719 TCCCAAGTCGA
STRG.59.2 [55, 55] 4724 AGTCGAGTCGC
STRG.59.2 [2110, 2110] 4750 CGTTCCTCGGA
STRG.59.2 [1562, 1562, 472] 4757 CGGAGGAGATG
STRG.59.2 [1563, 1563, 473, 104, 2326] 4758 GGAGGAGATGC
STRG.59.2 [4510, 4510] 4777 GCCCAAGGATC
STRG.59.2 [855] 4780 CAAGGATCAGG
STRG.59.2 [8139, 17857, 18442] 4802 GAAGCAACAAC
STRG.59.2 [821] 4821 GGAACAGAAGG
STRG.59.2 [942] 4825 CAGAAGGAGGC
STRG.59.2 [943] 4826 AGAAGGAGGCG
STRG.59.2 [742, 10460, 11045] 4836 GCGGGTTTAAA
STRG.59.2 [6374] 4855 GGATTATTTTA
STRG.59.2 [6375] 4856 GATTATTTTAA
STRG.59.2 [106] 4891 TGTACATTTAA
STRG.59.2 [107] 4892 GTACATTTAAT
STRG.59.2 [3244, 3244] 4902 TTCCCTAAAAG
STRG.59.2 [3245, 3245] 4903 TCCCTAAAAGA
STRG.59.2 [3246, 3246] 4904 CCCTAAAAGAT
STRG.59.2 [775, 548, 548] 4910 AAGATTTGTCT
STRG.59.2 [375] 4912 GATTTGTCTAC
STRG.59.2 [376] 4913 ATTTGTCTACC
STRG.59.2 [4133] 4941 TATTTATGATT
STRG.59.2 [4134] 4942 ATTTATGATTT
STRG.59.2 [190] 4972 CGCTCAGTGCC
STRG.59.2 [191] 4973 GCTCAGTGCCG
STRG.59.2 [192] 4974 CTCAGTGCCGA
STRG.59.2 [204] 5001 GAAAGCAACGC
STRG.59.2 [588, 588] 5030 TCAATTTGGAG
STRG.59.2 [589, 589] 5031 CAATTTGGAGC
STRG.59.2 [31] 5050 GCTTGTAATTA
STRG.59.2 [703] 5058 TTACTTGGCGG
STRG.59.2 [2047] 5087 CGCGGGCAACA
STRG.59.2 [236] 5089 CGGGCAACACG
STRG.59.2 [2105, 1878, 1878] 5129 TTCGGTGGCCA
STRG.59.2 [1533, 1533] 5132 GGTGGCCAACT
STRG.59.2 [196] 5209 GGCAAGGAGAA
STRG.59.2 [428] 5260 CCTTATTGACA
STRG.59.2 [429] 5261 CTTATTGACAT
STRG.59.2 [75] 5333 AGCAGCTGCAG
STRG.59.2 [1684] 5353 GCGCCAAATGG
STRG.59.2 [4243, 4243] 5359 AATGGGAGCAG
STRG.59.2 [2269, 2269] 5363 GGAGCAGAACA
STRG.59.2 [1618, 1618] 5395 GGAGGATGAAG
STRG.59.2 [732, 732] 5399 GATGAAGGACG
STRG.59.2 [57] 5412 GGACCAAGAAG
STRG.59.2 [3138, 3138] 5448 GTGTTGGGTAG
STRG.59.2 [3139, 3139] 5449 TGTTGGGTAGC
STRG.59.2 [1308] 5472 TTGGTTTGTGT
STRG.59.2 [7901, 17619, 18204] 5486 ATGAGCAGCAA
STRG.59.2 [7902, 17620, 18205] 5487 TGAGCAGCAAT
STRG.59.2 [7903, 17621, 18206] 5488 GAGCAGCAATG
STRG.59.2 [14590, 14644] 5489 AGCAGCAATGA
STRG.59.2 [807, 1102, 1102] 5500 CAACGGCAGCG
STRG.59.2 [808] 5501 AACGGCAGCGC
STRG.59.2 [809] 5502 ACGGCAGCGCC
STRG.59.2 [572] 5525 AAAAAACAACA
STRG.59.2 [1634, 4465, 3375] 5528 AAACAACAACA
STRG.59.2 [166, 1122, 2205, 1122, 2205, 4466, 4469, 3376, 3379, 3498, 3501, 3504, 4286, 4289, 4292] 5529 AACAACAACAA
STRG.59.2 [14670, 14724] 5530 ACAACAACAAG
STRG.59.2 [2411, 2411, 159, 159] 5531 CAACAACAAGA
STRG.59.2 [337, 337] 5557 ATATAGAGTGC
STRG.59.2 [400] 5578 GAAAAACTAAG
STRG.59.2 [1721, 11439, 12024] 5597 AGGAATGTGAA
STRG.59.2 [1454] 5605 GAATTTGATTT
STRG.59.2 [1455] 5606 AATTTGATTTT
STRG.59.2 [1456] 5607 ATTTGATTTTA
STRG.59.2 [993] 5608 TTTGATTTTAC
STRG.59.2 [2915] 5631 TTTTATATGCT
STRG.59.2 [2916] 5632 TTTATATGCTG
STRG.59.2 [789] 5635 ATATGCTGCTG
STRG.59.2 [760] 5685 TTTTGAAGGAA
STRG.59.2 [761] 5686 TTTGAAGGAAG
STRG.59.2 [2019] 5732 TCTCAATAATT
STRG.59.2 [16573, 16627] 5754 AGAGCGTCGCT
STRG.59.2 [16574, 16628] 5755 GAGCGTCGCTT
STRG.59.2 [1365, 982, 1218] 5779 ATTGCATTCCA
STRG.59.2 [126] 5844 TCTGTGTGTTC
STRG.59.2 [1305] 5863 ATTATTTTGTA
STRG.59.2 [14] 5882 GCTTCAGCTTC
STRG.59.2 [1152] 5887 AGCTTCGACTG
STRG.59.2 [1153, 1091, 1091] 5888 GCTTCGACTGC
STRG.59.2 [2537] 5906 CGTGAGCCATT
STRG.59.2 [1086] 5952 GGCTGTGGATG
STRG.59.2 [637] 5953 GCTGTGGATGA
STRG.59.2 [2888, 2888] 5961 TGAGGATGTGG
STRG.59.2 [702] 5972 CCACCAGCACA
STRG.59.2 [3732] 5980 ACAAGAGTCTC
STRG.59.2 [191, 191] 6018 TGGGTAAAACC
STRG.59.2 [5132] 6027 CCCAACACACT
STRG.59.2 [1456, 1456, 388] 6077 AGCTGATGGCC
STRG.59.2 [1312] 6092 TCCACCACCGA
STRG.59.2 [1313] 6093 CCACCACCGAT
STRG.59.2 [1314] 6094 CACCACCGATG
STRG.59.2 [5972, 6026] 6129 AAAGCGACAAG
STRG.59.2 [597] 6178 CCCAAGGACGA
STRG.59.2 [598] 6179 CCAAGGACGAG
STRG.59.2 [599] 6180 CAAGGACGAGG
STRG.59.2 [600] 6181 AAGGACGAGGA
STRG.59.2 [248, 601] 6182 AGGACGAGGAG
STRG.59.2 [249] 6183 GGACGAGGAGC
STRG.59.2 [3098, 2915] 6184 GACGAGGAGCC
STRG.59.2 [3099, 2916] 6185 ACGAGGAGCCG
STRG.59.2 [732, 732] 6205 GATGAAGGACG
STRG.59.2 [369] 6228 AAGGCGCGGGA
STRG.59.2 [370] 6229 AGGCGCGGGAT
STRG.59.2 [3391, 2301] 6242 CATTTGTTAAT
STRG.59.2 [2409, 2409] 6258 GCACGTAAGCA
STRG.59.2 [46] 6260 ACGTAAGCAAT
STRG.59.2 [500, 500] 6281 AAGCGCATTCC
STRG.59.2 [1336] 6298 CTTTAATGTAC
STRG.59.2 [2999] 6317 GTTAACAAATT
STRG.59.2 [788, 1810] 6351 AGGGAAAGGGG
STRG.59.2 [281] 6414 TTCGGCGGCAT
STRG.59.2 [282] 6415 TCGGCGGCATT
STRG.59.2 [620] 6452 CGCATAAACAA
STRG.59.2 [1146, 1146, 2344] 6456 TAAACAAATTA
STRG.59.2 [1584, 2786] 6457 AAACAAATTAA
STRG.59.2 [1049] 6518 CAGCAAGGTGG
STRG.59.2 [107] 6586 TTGGGAAAATT
STRG.59.2 [2141] 6610 CGTGGTGTAAA
STRG.59.2 [2142] 6611 GTGGTGTAAAT
STRG.59.2 [21] 6663 CATAGGGCAAT
STRG.59.2 [392] 6715 CGGACAAACGG
STRG.59.2 [393] 6716 GGACAAACGGA
STRG.59.2 [399, 274, 274, 247, 203, 323] 6717 GACAAACGGAC
STRG.59.2 [400, 275, 275, 248, 204, 324] 6718 ACAAACGGACA
STRG.59.2 [1038, 1038] 6721 AACGGACAAGC
STRG.59.2 [3810] 6740 AAACGAACGGA
STRG.59.2 [1038, 1038] 6745 AACGGACAAGC
STRG.59.2 [2981, 3769] 6778 CATGGGCTTCA
STRG.59.2 [11225, 11279] 6802 CTCACTTTGCG
STRG.59.2 [11226, 11280] 6803 TCACTTTGCGG
STRG.59.2 [993, 993] 6822 TCTTGAGCAAA
STRG.59.2 [384, 138] 6832 ATTGAAATTCT
STRG.59.2 [627] 6856 CGTTTCCGCTT
STRG.59.2 [628] 6857 GTTTCCGCTTC
STRG.59.2 [3241] 6865 TTCGGAGGAAC
STRG.59.2 [3242] 6866 TCGGAGGAACG
STRG.59.2 [6755, 16473, 17058, 3243] 6867 CGGAGGAACGG
STRG.59.2 [6756, 16474, 17059, 3244] 6868 GGAGGAACGGA
STRG.59.2 [3245] 6869 GAGGAACGGAG
STRG.59.2 [1364, 1364] 6885 AGCAATCCAGG
STRG.59.2 [581] 6894 GGGGAGCTACG
STRG.59.2 [4528, 14246, 14831] 6924 AATCTTGCAGG
STRG.59.2 [252, 252] 6957 GCACTCGGTGT
STRG.59.2 [319, 92, 92] 6983 AATTGCCGGCA
STRG.59.2 [563, 563, 1351] 7027 CAGGGCCATGA
STRG.59.2 [1395, 2597] 7037 AGTTCCGCCAG
STRG.59.2 [991] 7063 TTTACGCGAAT
STRG.59.2 [2766] 7076 GCAGAGGACTT
STRG.59.2 [2767] 7077 CAGAGGACTTG
STRG.59.2 [3721] 7078 AGAGGACTTGG
STRG.59.2 [3977, 3977] 7121 TTAAATCTTCT
STRG.59.2 [1125] 7170 AGTATCTATAT
STRG.59.2 [655] 7203 ATTTAAAGGAG
STRG.59.2 [884] 7204 TTTAAAGGAGT
STRG.59.2 [629, 629] 7220 AATTCAAAAAA
STRG.59.2 [102] 7224 CAAAAAACTTT
STRG.59.2 [91] 7225 AAAAAACTTTG
STRG.59.2 [383] 7242 TTGTAGGTATT
STRG.59.2 [2717, 2717] 7266 GATTATCAATC
STRG.59.2 [2927] 7314 AGAGACATCTC
STRG.59.2 [365] 7336 TCTTTTTCATT
STRG.59.2 [712, 712] 7361 GAGATTTTAAA
STRG.59.2 [1150] 7364 ATTTTAAAGCG
STRG.59.2 [634, 1836] 7390 CAGTACCACCC
STRG.59.2 [635, 1837] 7391 AGTACCACCCA
STRG.59.2 [636, 1838] 7392 GTACCACCCAC
STRG.59.2 [553] 7428 CGTGTCCTGTG
STRG.59.2 [1753, 1753] 7438 GAGCAGGACCT
STRG.59.2 [365] 7453 GCAGTTTGCCG
STRG.59.2 [3325, 3325] 7459 TGCCGTGGCCT
STRG.59.2 [2962] 7497 ACTTGACTGCC
STRG.59.2 [2963] 7498 CTTGACTGCCA
STRG.59.2 [1499] 7507 CAGCTGGCATC
STRG.59.2 [1500] 7508 AGCTGGCATCT
STRG.59.2 [9584, 9584] 7525 CCGGAGCGTCC
STRG.59.2 [996, 967, 963] 7562 CAAAGTGGCCA
STRG.59.2 [11738, 11792] 7564 AAGTGGCCAGC
STRG.59.2 [1451, 2653] 7568 GGCCAGCAGTT
STRG.59.2 [2274] 7569 GCCAGCAGTTG
STRG.59.2 [1706, 1706] 7570 CCAGCAGTTGT
STRG.59.2 [1707, 1707] 7571 CAGCAGTTGTG
STRG.59.2 [2610] 7598 TTGGTGGACAA
STRG.59.2 [5936, 5936] 7624 GCAAATGATGA
STRG.59.2 [911] 7626 AAATGATGATG
STRG.59.2 [1337, 1337] 7629 TGATGATGGAC
STRG.59.2 [750, 1844, 1844] 7669 CAACAAACGCA
STRG.59.2 [844] 7699 TTTGCCGCAGA
STRG.59.2 [2913, 2913, 1823] 7714 AATTTTCTGCA
STRG.59.2 [4552, 14270, 14855] 7771 TCGCTGGCTGC
STRG.59.2 [275] 7773 GCTGGCTGCAC
STRG.59.2 [276] 7774 CTGGCTGCACA
STRG.59.2 [17500] 7786 ATTTAAAAAGA
STRG.59.2 [17501] 7787 TTTAAAAAGAA
STRG.59.2 [17502] 7788 TTAAAAAGAAA
STRG.59.2 [80] 7790 AAAAAGAAAAA
STRG.59.2 [2633, 2633, 1543] 7791 AAAAGAAAAAC
STRG.59.2 [2634, 2634, 1544] 7792 AAAGAAAAACA
STRG.59.2 [3124, 12842, 13427, 2635, 2635, 1545] 7793 AAGAAAAACAA
STRG.59.2 [14092, 14146, 3125, 12843, 13428] 7794 AGAAAAACAAT
STRG.59.2 [3126, 12844, 13429, 524] 7795 GAAAAACAATT
STRG.59.2 [3127, 12845, 13430] 7796 AAAAACAATTG
STRG.59.2 [3128, 12846, 13431] 7797 AAAACAATTGC
STRG.59.2 [1235] 7803 ATTGCCGAAAA
STRG.59.2 [1348] 7815 CCATTGCAATT
STRG.59.2 [1349] 7816 CATTGCAATTT
STRG.59.2 [1170, 1170, 1390] 7838 GGCAAAGACAA
STRG.59.2 [245] 7855 CGAGCAAATAA
STRG.59.2 [246] 7856 GAGCAAATAAT
STRG.59.2 [247] 7857 AGCAAATAATC
STRG.59.2 [2056, 2056] 7865 ATCGCAGGCGA
STRG.59.2 [4631, 4631] 7882 AGCGAAGTGGA
STRG.59.2 [502] 7885 GAAGTGGAGTG
STRG.59.2 [503] 7886 AAGTGGAGTGG
STRG.59.2 [504] 7887 AGTGGAGTGGA
STRG.59.2 [505] 7888 GTGGAGTGGAG
STRG.59.2 [504] 7892 AGTGGAGTGGA
STRG.59.2 [505] 7893 GTGGAGTGGAG
STRG.59.2 [506] 7894 TGGAGTGGAGC
STRG.59.2 [507] 7895 GGAGTGGAGCG
STRG.59.2 [1967, 1967] 7943 GGAAACGGAAA
STRG.59.2 [3225, 3225] 7969 CGAATTCGCAC
STRG.59.2 [274, 274, 494] 8008 CCACCCGCTCC
STRG.59.2 [275, 275, 495] 8009 CACCCGCTCCC
STRG.59.2 [714] 8023 CTCTGCTGCTA
STRG.59.2 [1506] 8034 TTAGATATTTA
STRG.59.2 [1507] 8035 TAGATATTTAT
STRG.59.2 [3908, 1508] 8036 AGATATTTATT
STRG.59.2 [3909, 1509] 8037 GATATTTATTT
STRG.59.2 [957] 8043 TATTTCTGCGG
STRG.59.2 [958] 8044 ATTTCTGCGGA
STRG.59.2 [1860] 8057 TTTGCTGTGTC
STRG.59.2 [2972] 8107 CATTTGTATTC
STRG.59.2 [1085, 25, 25] 8189 CGGCAGTGGCA
STRG.59.2 [1086, 26, 26] 8190 GGCAGTGGCAG
STRG.59.2 [27, 27] 8191 GCAGTGGCAGC
STRG.59.2 [2478, 2478] 8238 CATATGCAACA
STRG.59.2 [1118] 8256 GTTCAGGAGTA
STRG.59.2 [41, 41] 8287 ATAATTGGTAT
STRG.59.2 [2627] 8313 CAGAAGGTACA
STRG.59.2 [2628] 8314 AGAAGGTACAT
STRG.59.2 [2629] 8315 GAAGGTACATT
STRG.59.2 [2630] 8316 AAGGTACATTA
STRG.59.2 [460, 460] 8318 GGTACATTACT
STRG.59.2 [919] 8333 GTAACACCTAT
STRG.59.2 [174] 8386 GCTGCAGCTGC
STRG.59.2 [175] 8387 CTGCAGCTGCA
STRG.59.2 [4619, 1911, 1911] 8389 GCAGCTGCATC
STRG.59.2 [1236, 1236] 8399 CTCCGCCGCTC
STRG.59.2 [634] 8410 GTTGGCCAATA
STRG.59.2 [1388] 8426 TTTGAAAATAA
STRG.59.2 [892] 8545 CCCACGCCCCT
STRG.59.2 [603] 8563 TTCGCATCTTC
STRG.59.2 [2609] 8571 TTCTATTGAAT
STRG.59.2 [3693, 4481] 8592 TGCAAGTATGT
STRG.59.2 [3694, 4482] 8593 GCAAGTATGTG
STRG.59.2 [1819, 1819] 8604 ACCACCGCCCC
STRG.59.2 [664, 1820, 664, 1820] 8605 CCACCGCCCCC
STRG.59.2 [665, 1821, 665, 1821] 8606 CACCGCCCCCC
STRG.59.2 [7991, 17709, 18294] 8668 ACAATTTATTT
STRG.59.2 [1140, 5379, 5193] 8671 ATTTATTTCTC
STRG.59.2 [1141, 5380, 5194] 8672 TTTATTTCTCG
STRG.59.2 [1142] 8673 TTATTTCTCGT
STRG.59.2 [46, 46] 8679 CTCGTCGTCGC
STRG.59.2 [688, 617] 8687 CGCTGGTGACC
STRG.59.2 [1064, 1064] 8698 CGTGTATTTTA
STRG.59.2 [289] 8719 ACCCTTTCCAC
STRG.59.2 [1294] 8757 CATGACCACCA
STRG.59.2 [903, 783] 8787 CCTTGTCCCCC
STRG.59.2 [904, 784] 8788 CTTGTCCCCCG
STRG.59.2 [308, 308] 8819 TTGTTTTTCAT
STRG.59.2 [309, 309] 8820 TGTTTTTCATT
STRG.59.2 [0, 0] 8822 TTTTTCATTCG
STRG.59.2 [1796, 1413, 1649] 8852 ATACAATATTT
STRG.59.2 [2011, 1950, 1739] 8872 AAAATAGTTTT
STRG.59.2 [186] 8873 AAATAGTTTTC
STRG.59.2 [1994] 8887 ACGCTCTGCGA
STRG.59.2 [1131] 8901 TTGATTGTGTT
STRG.59.2 [1132] 8902 TGATTGTGTTT
STRG.59.2 [559] 8907 GTGTTTTTAAA
STRG.59.2 [378] 8927 GCAGTCGGATG
STRG.59.2 [572, 189, 526, 526] 8933 GGATGGAAATG
STRG.59.2 [6010] 8934 GATGGAAATGG
STRG.59.2 [518, 633] 8935 ATGGAAATGGA
STRG.59.2 [3981, 2891] 9009 TTTAAATTTAG
STRG.59.2 [48] 9017 TAGGTTTCTTA
STRG.59.2 [1764, 2966] 9022 TTCTTATCTAA
STRG.59.2 [4511] 9091 ATTTTTTAAAT
STRG.59.2 [4512, 620] 9092 TTTTTTAAATT
STRG.59.2 [3575] 9093 TTTTTAAATTA
STRG.59.2 [11556, 11610] 9101 TTACCAACCCA
STRG.59.2 [55, 55] 9132 TTTTTATAAAA
STRG.59.2 [56, 56, 684] 9133 TTTTATAAAAA
STRG.59.2 [685] 9134 TTTATAAAAAA
STRG.59.2 [4487, 686] 9135 TTATAAAAAAA
STRG.59.2 [4488] 9136 TATAAAAAAAT
STRG.59.2 [4489] 9137 ATAAAAAAATT
STRG.59.2 [6397] 9145 ATTTTAAATTA
STRG.59.2 [4022] 9148 TTAAATTAAAT
STRG.59.2 [519, 519] 9150 AAATTAAATAC
STRG.59.2 [2518, 2518, 1428] 9160 CTATATATATA
STRG.59.2 [2519, 2521, 2523, 2525, 2527, 2529, 2531, 2519, 2521, 2523, 2525, 2527, 2529, 2531, 4328, 4330, 4344, 1429, 1431, 1433, 1435, 1437, 1439, 1441, 3238, 3240, 3254] 9161 TATATATATAT
STRG.59.2 [4528, 3438, 2516, 2455] 9163 TATATATATTT
STRG.59.2 [2517, 2456] 9164 ATATATATTTA
STRG.59.2 [2518, 2457] 9165 TATATATTTAT
STRG.59.2 [2519, 2458] 9166 ATATATTTATT
STRG.59.2 [18712] 9179 AGAAAATAAAA
STRG.59.2 [1104] 9180 GAAAATAAAAT
STRG.59.2 [1954, 2174] 9181 AAAATAAAATA
STRG.59.2 [7228, 16946, 17531] 9192 TATTTATATAA
STRG.59.2 [7229, 16947, 17532] 9193 ATTTATATAAT
STRG.59.2 [7230, 16948, 17533, 2674, 2674] 9194 TTTATATAATT
STRG.59.2 [881, 2675, 2675] 9195 TTATATAATTG
STRG.59.2 [5193, 2676, 2676] 9196 TATATAATTGA
STRG.59.2 [1892] 9200 TAATTGATTTA
STRG.59.2 [1137] 9220 CTATAATTTAA
STRG.59.2 [1822, 1697, 1697, 1670, 1626, 1746, 1138] 9221 TATAATTTAAA
STRG.59.2 [1823, 1698, 1698, 1671, 1627, 1747] 9222 ATAATTTAAAC
STRG.59.2 [3635] 9223 TAATTTAAACA
STRG.59.2 [3471] 9233 ATTTTGTTTTT
STRG.59.2 [18118] 9234 TTTTGTTTTTT
STRG.59.2 [3984, 3984] 9306 TCGCTGTACAT
STRG.59.2 [3985, 3985] 9307 CGCTGTACATT
STRG.59.2 [3601] 9317 TTTGTGTTCTA
STRG.59.2 [1115] 9318 TTGTGTTCTAC
STRG.59.2 [1483, 2505] 9326 TACTATTTTAA
STRG.59.2 [2738, 2511, 2511] 9346 GTAAACAAAAC
STRG.59.2 [2739, 2512, 2512, 7367, 17085, 17670] 9347 TAAACAAAACA
STRG.59.2 [3330, 2240, 22] 9348 AAACAAAACAG
STRG.59.2 [296, 296] 9353 AAACAGACGCA
STRG.59.2 [1275] 9363 AAGTAACATGA
STRG.59.2 [975] 9367 AACATGAACAT
STRG.59.2 [3231, 4019] 9370 ATGAACATGAA
STRG.59.2 [3232, 4020] 9371 TGAACATGAAC
STRG.59.2 [1003, 2205] 9403 AGTGCAGTTTT
STRG.59.2 [3406] 9409 GTTTTGAATTA
STRG.59.2 [3564, 3426, 2336, 147, 151, 147, 151, 746] 9477 AAACAAACAAA
STRG.59.2 [3316] 9488 GTACATATACT
STRG.59.2 [2052] 9506 CTGTCAATTAT
STRG.59.2 [3581] 9511 AATTATAAATC
STRG.59.2 [5388, 5388] 9522 ATGCTGCAAAT
STRG.59.2 [2644, 2583] 9527 GCAAATATTTG
STRG.59.2 [4028] 9536 TGCTGAAAATT
STRG.59.2 [323, 198, 198, 171, 127, 247] 9622 TTATAGCACTG
STRG.59.2 [7682, 7682] 9640 GTGTACAGAAA
STRG.59.2 [7683, 7683] 9641 TGTACAGAAAA
STRG.59.2 [580] 9644 ACAGAAAAGCA
STRG.59.2 [837, 837] 9646 AGAAAAGCACC
STRG.59.2 [2575, 2514] 9698 AAATTTTACAT
STRG.59.2 [2576, 2515] 9699 AATTTTACATT
STRG.59.2 [2577, 2516] 9700 ATTTTACATTT
STRG.59.2 [15466, 15520] 9706 CATTTGTATAA
STRG.59.2 [1958] 9713 ATAAAAACAAT
STRG.59.2 [563, 563] 9772 TAATGTACAAA
STRG.59.2 [564, 564] 9773 AATGTACAAAT
STRG.59.2 [16980, 17034] 9792 AACCAAACCCA
STRG.59.2 [5412, 5412] 9794 CCAAACCCAAT
STRG.59.2 [771] 9814 TTCAATTAAAA
STRG.59.2 [772] 9815 TCAATTAAAAA
STRG.59.2 [4880, 773] 9816 CAATTAAAAAA
STRG.59.2 [1955] 9818 ATTAAAAAAAT
STRG.59.2 [2981] 9836 CATAAGCAAAA
STRG.59.2 [2032, 3054] 9892 ATGTATTTGTA
STRG.59.2 [1219, 2844] 9895 TATTTGTATTT
STRG.59.2 [564] 9903 TTTAAAAAAGA
STRG.59.2 [1445, 1320, 1320, 1293, 1249, 1369] 9907 AAAAAGAACTT
STRG.59.2 [3903, 3903] 9931 TACAGGAACTG
STRG.59.2 [2011, 3033] 9975 ATTTTCGCCGA
STRG.59.2 [694, 694] 9997 CCGCTCCGGCT
STRG.59.2 [1860, 1860] 10014 CAGAAAACTGT
STRG.59.2 [220, 1686, 11404, 11989] 10015 AGAAAACTGTT
STRG.59.2 [221] 10016 GAAAACTGTTG
STRG.59.2 [1375] 10050 AAAAGTAACCA
STRG.59.2 [2623] 10075 CAACAACTCAA
STRG.59.2 [606] 10104 AGGCCGAAGTC
STRG.59.2 [2953, 3741] 10163 GAGTCGGAGCA
STRG.59.2 [2655, 2655] 10229 CTCCGAGTCGT
STRG.59.2 [14481, 14535] 10239 TGCGGTCAGCA
STRG.59.2 [1967, 1967] 10259 GGAAACGGAAA
STRG.59.2 [923, 2125] 10274 AACGCCAACAA
STRG.59.2 [416] 10279 CAACAAATCCT
STRG.59.2 [417] 10280 AACAAATCCTG
STRG.59.2 [418] 10281 ACAAATCCTGG
STRG.59.2 [3096] 10299 AAGTGGCAAGT
STRG.59.2 [539, 478, 267] 10304 GCAAGTGCTGC
STRG.59.2 [1051] 10330 GATGTGGCTGC
STRG.59.2 [4857, 4671] 10369 CCTCGATTAGA
STRG.59.2 [3875] 10379 AATCCAGAATA
STRG.59.2 [3876] 10380 ATCCAGAATAT
STRG.59.2 [3643, 3697] 10436 CATCATTCCAA
STRG.59.2 [3644, 3698] 10437 ATCATTCCAAT
STRG.59.2 [6101] 10467 GAGTTTTCAAA
STRG.59.2 [42] 10522 TTTTTGTTTTC
STRG.59.2 [2108] 10523 TTTTGTTTTCG
STRG.59.2 [662] 10543 GCGTGTGTGTG
STRG.59.2 [1258, 1258, 1478] 10553 GTGTGCGAGTG
STRG.59.2 [676] 10563 GTGTGTGGGTG
STRG.59.2 [4191, 4245] 10579 GCCGCTGTGTG
STRG.59.2 [363] 10584 TGTGTGCGTGG
STRG.59.2 [364] 10585 GTGTGCGTGGC
STRG.59.2 [365] 10586 TGTGCGTGGCA
STRG.59.2 [2933] 10624 GGATACATTTC
STRG.59.2 [712, 1914] 10663 GTGCTGCAGAA
STRG.59.2 [9875, 9929] 10666 CTGCAGAAACA
STRG.59.2 [2246] 10667 TGCAGAAACAG
STRG.59.2 [2247] 10668 GCAGAAACAGC
STRG.59.2 [2870, 2870, 3097] 10670 AGAAACAGCAA
STRG.59.2 [2871, 2871] 10671 GAAACAGCAAC
STRG.59.2 [834, 834] 10675 CAGCAACCCAA
STRG.59.2 [107] 10748 AAAACCAAGAA
STRG.59.2 [315, 315, 1103] 10754 AAGAAAATGCC
STRG.59.2 [639] 10760 ATGCCAAGATG
STRG.59.2 [640] 10761 TGCCAAGATGC
STRG.59.2 [6929, 16647, 17232] 10766 AGATGCGGATG
STRG.59.2 [297] 10768 ATGCGGATGAG
STRG.59.2 [233] 10785 ACGCGGGCGGG
STRG.59.2 [2877] 10861 CCCAGATCCAA
STRG.59.2 [1734, 1351, 1587] 10914 TTCATGTTTTT
STRG.59.2 [969] 10925 CCTCGCCTTCC
STRG.59.2 [970] 10926 CTCGCCTTCCT
STRG.59.2 [1744] 10931 CTTCCTTGGCG
STRG.59.2 [870, 487, 723] 10970 GAGTTTTCCAT
STRG.59.2 [1269] 10982 TCTGGTGTATA
STRG.59.2 [2549, 2488] 10984 TGGTGTATATG
STRG.59.2 [37, 37] 11004 AAATTTGCTGC
STRG.59.2 [800] 11017 GTTTATGTTTT
STRG.59.2 [801] 11018 TTTATGTTTTC
STRG.59.2 [36] 11040 GTTTGTGTTTT
STRG.59.2 [1008, 3, 37] 11041 TTTGTGTTTTG
STRG.59.2 [38] 11042 TTGTGTTTTGG
STRG.59.2 [4474] 11055 CCTGCAAAACT
STRG.59.2 [1580, 1197, 1433] 11071 TTTTAAATATA
STRG.59.2 [1581, 1198, 1434] 11072 TTTAAATATAA
STRG.59.2 [8189, 8243] 11099 AGGAAATCAAG
STRG.59.2 [1854, 1854] 11126 ACTGGTACAAA
STRG.59.2 [2651, 2424, 2424] 11131 TACAAAAAAGA
STRG.59.2 [7019, 7073] 11145 GTAGTTCACAT
STRG.59.2 [7020, 7074] 11146 TAGTTCACATA
STRG.59.2 [423] 11189 GTTTTCCAAAC
STRG.59.2 [424] 11190 TTTTCCAAACC
STRG.59.2 [425] 11191 TTTCCAAACCA
STRG.59.2 [426] 11192 TTCCAAACCAA
STRG.59.2 [3893, 2803] 11201 AACTTATTTAA
STRG.59.2 [3894, 2804] 11202 ACTTATTTAAC
STRG.59.2 [3895, 2805] 11203 CTTATTTAACT
STRG.59.2 [3896, 2806] 11204 TTATTTAACTT
STRG.59.2 [3995, 4783] 11250 AAATTTACACA
STRG.59.2 [1771] 11252 ATTTACACAGC
STRG.59.2 [1393] 11256 ACACAGCTTTC
STRG.59.2 [235, 235] 11259 CAGCTTTCGTG
STRG.59.2 [2690, 2690] 11269 GAAGTATTTCC
STRG.59.2 [7995, 17713, 18298] 11289 TTTATTTTGAG
STRG.59.2 [1083] 11295 TTGAGCCTATT
STRG.59.2 [3015, 3015] 11321 CACATCACCTG
STRG.59.2 [3016, 3016] 11322 ACATCACCTGA
STRG.59.2 [16858, 16912] 11350 ATATTTCCATC
STRG.59.2 [16859, 16913] 11351 TATTTCCATCA
STRG.59.2 [953] 11395 CATGCAAATGC
STRG.59.2 [954] 11396 ATGCAAATGCC
STRG.59.2 [107] 11404 GCCACAGCAAT
STRG.59.2 [108] 11405 CCACAGCAATT
STRG.59.2 [109] 11406 CACAGCAATTG
STRG.59.2 [6287, 6287] 11408 CAGCAATTGAA
STRG.59.2 [1697, 1697, 607, 3216, 3216] 11423 GATTTGCTGCC
STRG.59.2 [3217, 3217] 11424 ATTTGCTGCCT
STRG.59.2 [1114] 11430 TGCCTGCCGGC
STRG.59.2 [2177, 2177] 11477 GGGTTAAGGTT
STRG.59.2 [2967] 11513 ATTTTGTTATT
STRG.59.2 [2968] 11514 TTTTGTTATTG
STRG.59.2 [2969] 11515 TTTGTTATTGT
STRG.59.2 [2121] 11550 CGCATCCGCTT
STRG.59.2 [2122] 11551 GCATCCGCTTC
STRG.59.2 [4044, 13762, 14347] 11590 GGATCCAAAGT
STRG.59.2 [5322, 5322] 11611 GCAGTCAACTG
STRG.59.2 [5323, 5323] 11612 CAGTCAACTGG
STRG.59.2 [15243, 15297] 11635 GCAGCCGCAAA
STRG.59.2 [3252, 4040] 11639 CCGCAAAACTT
STRG.59.2 [3253, 4041] 11640 CGCAAAACTTT
STRG.59.2 [5880] 11660 AAGTGGCAATT
STRG.59.2 [284, 284] 11672 GTGTAGCCGCG
STRG.59.2 [5480, 15198, 15783] 11675 TAGCCGCGCTT
STRG.59.2 [5481, 15199, 15784] 11676 AGCCGCGCTTC
STRG.59.2 [993] 11689 GCTCACAAAGT
STRG.59.2 [162] 11701 GGGCAAAAAGC
STRG.59.2 [980] 11734 CGAAAGCCTTT
STRG.59.2 [1406, 1406, 1626, 2179] 11770 TGTTTAATTTT
STRG.59.2 [1407, 1407, 1627, 1682] 11771 GTTTAATTTTT
STRG.59.2 [3205, 3205, 2115] 11773 TTAATTTTTAA
STRG.59.2 [6364, 6418] 11798 CAAAAAGAAAA
STRG.59.2 [2660] 11800 AAAAGAAAACT
STRG.59.2 [2667, 2606] 11805 AAAACTCAAAT
STRG.59.2 [2668, 2607] 11806 AAACTCAAATT
STRG.59.2 [2669, 2608] 11807 AACTCAAATTA
STRG.59.2 [2670, 2609] 11808 ACTCAAATTAA
STRG.59.2 [1527] 11817 AAAATGTATAA
STRG.59.2 [1528] 11818 AAATGTATAAA
STRG.59.2 [4320] 11822 GTATAAACACA
STRG.59.2 [4321, 80, 80] 11823 TATAAACACAA
STRG.59.2 [4322, 1300, 1220] 11824 ATAAACACAAA
STRG.59.2 [1590] 11838 GCAGTGAGAGA
STRG.59.2 [1526] 11897 GCTTTTGCATT
STRG.59.2 [1527] 11898 CTTTTGCATTC
STRG.59.2 [4860, 5071, 1528] 11899 TTTTGCATTCT
STRG.59.2 [5072, 3752, 2662] 11900 TTTGCATTCTC
STRG.59.2 [2766, 2766, 1676] 11918 AAACATATTTT
STRG.59.2 [2038] 11920 ACATATTTTGA
STRG.59.2 [787] 11957 AGCCCATAAAA
STRG.59.2 [611] 11979 TCAAATCCATC
STRG.59.2 [612] 11980 CAAATCCATCC
STRG.59.2 [485] 12020 CACTGGCGACA
STRG.59.2 [18698] 12057 AAAGTGAATAA
STRG.59.2 [67, 67] 12058 AAGTGAATAAA
STRG.59.2 [36, 2615] 12061 TGAATAAAAAA
STRG.59.2 [1766, 1383, 1619] 12063 AATAAAAAAGT
STRG.59.2 [1767, 1384, 1620] 12064 ATAAAAAAGTG
STRG.59.2 [1768, 1385, 1621] 12065 TAAAAAAGTGA
STRG.59.2 [1382] 12068 AAAAGTGAATG
STRG.59.2 [3290] 12197 GTTCGGGCAAG
STRG.59.2 [2100, 2100] 12200 CGGGCAAGTCG
STRG.59.2 [1832] 12265 AAATGCCGCCT
STRG.59.2 [2363, 2302] 12288 ATTTTGAAAAG
STRG.59.2 [2364, 2303] 12289 TTTTGAAAAGA
STRG.59.2 [2365, 2304] 12290 TTTGAAAAGAT
STRG.59.2 [2130, 2350, 1737] 12302 TAAATACATTT
STRG.59.2 [35, 35] 12314 CGTGAAAGAAA
STRG.59.2 [2842, 2842] 12317 GAAAGAAAATC
STRG.59.2 [2843, 2843] 12318 AAAGAAAATCC
STRG.59.2 [2844, 2844] 12319 AAGAAAATCCC
STRG.59.2 [326, 326] 12372 GCAATCGGAAA
STRG.59.2 [327, 327] 12373 CAATCGGAAAA
STRG.59.2 [3908, 4696] 12455 TTTTTAGCCTA
STRG.59.2 [3909, 4697] 12456 TTTTAGCCTAA
STRG.59.2 [861] 12468 TAAATTCATTT
STRG.59.2 [3474, 1162] 12479 GTGTTCAGCAA
STRG.59.2 [3475] 12480 TGTTCAGCAAG
STRG.59.2 [2865, 12583, 13168, 1753] 12481 GTTCAGCAAGC
STRG.59.2 [11157, 11211] 12483 TCAGCAAGCAA
STRG.59.2 [390] 12518 CAATCCAAGAA
STRG.59.2 [665] 12532 AAGTAATTTTG
STRG.59.2 [7627, 17345, 17930] 12534 GTAATTTTGAT
STRG.59.2 [1655] 12536 AATTTTGATTA
STRG.59.2 [885] 12537 ATTTTGATTAT
STRG.59.2 [2665, 886] 12538 TTTTGATTATT
STRG.59.2 [1682, 1299, 1535] 12589 CAAAAATATGC
STRG.59.2 [4915, 14633, 15218] 12614 GGTTCCGCATA
STRG.59.2 [71, 71] 12622 ATAATTGAAAA
STRG.59.2 [72, 72] 12623 TAATTGAAAAT
STRG.59.2 [794] 12624 AATTGAAAATG
STRG.59.2 [195] 12639 CCGAGTTTACG
STRG.59.2 [3082, 3082] 12656 TCAGCTGAAGC
STRG.59.2 [198] 12670 TCGTGTGCCTC
STRG.59.2 [3888] 12700 GATTTAAGTAC
STRG.59.2 [1155] 12701 ATTTAAGTACT
STRG.59.2 [395] 12702 TTTAAGTACTG
STRG.59.2 [396] 12703 TTAAGTACTGC
STRG.59.2 [397] 12704 TAAGTACTGCA
STRG.59.2 [398] 12705 AAGTACTGCAT
STRG.59.2 [1620, 1620] 12749 TTCCAATTCCG
STRG.59.2 [567, 466] 12771 GGTTTCAATTT
STRG.59.2 [199, 199] 12777 AATTTGAAAGT
STRG.59.2 [1588, 1588] 12815 CAAGTTCAATG
STRG.59.2 [1143, 1143] 12908 CTTTGTCTGCA
STRG.59.2 [6547, 16265, 16850] 12913 TCTGCAGCTGC
STRG.59.2 [175] 12914 CTGCAGCTGCA
STRG.59.2 [9852, 10437] 12915 TGCAGCTGCAG
STRG.59.2 [7049, 7049] 12932 TGCAAACTCCT
STRG.59.2 [3220] 12971 CTGCTTTCCTG
STRG.59.2 [3221] 12972 TGCTTTCCTGC
STRG.59.2 [684, 684] 12976 TTCCTGCAGTT
STRG.59.2 [16228, 16282] 12978 CCTGCAGTTTC
STRG.59.2 [16229, 16283] 12979 CTGCAGTTTCC
STRG.59.2 [657] 13061 CGAAAAACAAG
STRG.59.2 [658] 13062 GAAAAACAAGT
STRG.59.2 [659] 13063 AAAAACAAGTA
STRG.59.2 [660] 13064 AAAACAAGTAA
STRG.59.2 [1855, 1628, 1628] 13077 AGCTGGTGTTT
STRG.59.2 [2149, 2398, 2398] 13101 CAACAGCAGAG
STRG.59.2 [2734] 13132 TCTTTAAATAG
STRG.59.2 [1558] 13143 CAAATATTTCT
STRG.59.2 [42, 42] 13160 TAATTGGTATT
STRG.59.2 [2672, 2672, 1582] 13184 TTTAACAGCTT
STRG.59.2 [241, 241, 461] 13229 CACAGCAGCTG
STRG.59.2 [479] 13264 ACACATCCGCC
STRG.59.2 [9254, 9254] 13289 CCCATTCGCCC
STRG.59.2 [3230, 12948, 13533] 13324 CCTTCCCTGAC
STRG.59.2 [3231, 12949, 13534] 13325 CTTCCCTGACC
STRG.59.2 [864, 864] 13340 GGCACCCGCAT
STRG.59.2 [865, 865] 13341 GCACCCGCATC
STRG.59.2 [1829, 1602, 1602] 13446 CTTCTGGTGCT
STRG.59.2 [3013] 13476 GTGGTTTTTAT
STRG.59.2 [3014] 13477 TGGTTTTTATT
STRG.59.2 [3015] 13478 GGTTTTTATTT
STRG.59.2 [3476] 13479 GTTTTTATTTA
STRG.59.2 [2135, 2135] 13489 ATGGTCTATTT
STRG.59.2 [40] 13495 TATTTTTGTTT
STRG.59.2 [18116, 41] 13496 ATTTTTGTTTT
STRG.59.2 [42] 13497 TTTTTGTTTTC
STRG.59.2 [29, 29] 13500 TTGTTTTCATT
STRG.59.2 [30, 30] 13501 TGTTTTCATTT
STRG.59.2 [4083] 13505 TTCATTTTTTA
STRG.59.2 [4084, 1869] 13506 TCATTTTTTAT
STRG.59.2 [4085, 1870] 13507 CATTTTTTATT
STRG.59.2 [4086, 1871] 13508 ATTTTTTATTT
STRG.59.2 [3487, 2397, 1872] 13509 TTTTTTATTTT
STRG.59.2 [1740, 1357, 1593] 13510 TTTTTATTTTT
STRG.59.2 [1741, 1358, 1594] 13511 TTTTATTTTTT
STRG.59.2 [4011] 13554 ATGTAAATAAA
STRG.59.2 [47] 13559 AATAAAAGCCA
STRG.59.2 [48] 13560 ATAAAAGCCAA
STRG.59.2 [18] 13561 TAAAAGCCAAG
STRG.59.2 [1610, 11328, 11913] 13562 AAAAGCCAAGT
STRG.59.2 [707, 1729] 13568 CAAGTGCAAAG
STRG.59.2 [10542, 10596, 77, 77] 13570 AGTGCAAAGTT
STRG.59.2 [10543, 10597] 13571 GTGCAAAGTTT
STRG.59.2 [393, 393] 13579 TTTTGACAACG
STRG.59.2 [4547, 14265, 14850] 13593 CTCAGTCGCTG
STRG.59.2 [314] 13603 GCTGCAGCAGC
STRG.59.2 [2967, 2967] 13656 TGTCGCAGCCG
STRG.59.2 [2968, 2968, 924, 924] 13657 GTCGCAGCCGC
STRG.59.2 [2607] 13679 CAGCGAACAAA
STRG.59.2 [3896] 13684 AACAAATTGCC
STRG.59.2 [2055, 2055, 965] 13686 CAAATTGCCGC
STRG.59.2 [3233, 3233] 13699 CACGGAGGAAA
STRG.59.2 [855] 13701 CGGAGGAAAAC
STRG.59.2 [11616, 11670] 13714 GCAGACGACAC
STRG.59.2 [7588, 7642] 13717 GACGACACAGA
STRG.59.2 [2616, 2616] 13725 AGACAACACAG
STRG.59.2 [688] 13728 CAACACAGACA
STRG.59.2 [4642, 4642] 13734 AGACAACAAGC
STRG.59.2 [4643, 4643] 13735 GACAACAAGCC
STRG.59.2 [2290] 13789 GCCGGAAAATT
STRG.59.2 [7422, 7476] 13799 TGGAGAGCTCA
STRG.59.2 [7423, 7477] 13800 GGAGAGCTCAG
STRG.59.2 [365, 365] 13817 CGCTGCTCCAG
STRG.59.2 [5337, 5337] 13824 CCAGTTCGAGT
STRG.59.2 [1479, 1479, 389] 13896 GCAGCAACTTT
STRG.59.2 [1060] 13898 AGCAACTTTGA
STRG.59.2 [3408] 13904 TTTGAATTATT
STRG.59.2 [3409] 13905 TTGAATTATTG
STRG.59.2 [527] 13947 GCGAGCGAGAG
STRG.59.2 [10241, 10295] 13961 CCGTATCCGCA
STRG.59.2 [1734, 1734] 13974 TTTCCCCACAA
STRG.59.2 [1735, 1735] 13975 TTCCCCACAAA
STRG.59.2 [405] 13979 CCACAAACAAA
STRG.59.2 [117] 13981 ACAAACAAATT
STRG.59.2 [1161, 1161] 14009 CACCACCTATG
STRG.59.2 [227, 147] 14041 GCCAGAGACAA
STRG.59.2 [228, 148] 14042 CCAGAGACAAA
STRG.59.2 [229, 149] 14043 CAGAGACAAAT
STRG.59.2 [613, 584, 580] 14049 CAAATCCTGCT
STRG.59.2 [498] 14051 AATCCTGCTTT
STRG.59.2 [814] 14073 GGGAAATGGTA
STRG.59.2 [815] 14074 GGAAATGGTAG
STRG.59.2 [9620] 14086 GAAAATGCTAG
STRG.59.2 [9621] 14087 AAAATGCTAGC
STRG.59.2 [9622] 14088 AAATGCTAGCG
